1703585579965	geckodriver	INFO	Listening on 127.0.0.1:40195
1703585580506	mozrunner::runner	INFO	Running command: MOZ_CRASHREPORTER="1" MOZ_CRASHREPORTER_NO_REPORT="1" MOZ_CRASHREPORTER_SHUTDOWN="1" MOZ_NO_REMOTE="1" "/usr ... te" "--remote-debugging-port" "56973" "--remote-allow-hosts" "localhost" "-no-remote" "-profile" "/tmp/rust_mozprofileapvQYp"
console.warn: services.settings: Ignoring preference override of remote settings server
console.warn: services.settings: Allow by setting MOZ_REMOTE_SETTINGS_DEVTOOLS=1 in the environment
ATTENTION: default value of option mesa_glthread overridden by environment.
1703585588576	Marionette	INFO	Marionette enabled
ATTENTION: default value of option mesa_glthread overridden by environment.
1703585589811	Marionette	INFO	Listening on port 43817
Read port: 43817
WebDriver BiDi listening on ws://127.0.0.1:56973
1703585591598	RemoteAgent	WARN	TLS certificate errors will be ignored for this session
console.error: ({})
1703585604161	Marionette	INFO	Stopped listening on port 43817
1703585604169	CDP	WARN	Failed to remove undefined (Could not parse path (undefined): NS_ERROR_FILE_UNRECOGNIZED_PATH)
console.error: "Could not load engine google@search.mozilla.org: Error: XPIProvider can't start bootstrap scope for google@search.mozilla.org after shutdown was already granted"
console.error: services.settings: 
  main/partitioning-exempt-urls Signature failed  TypeError: NetworkError: Network request failed
console.error: services.settings: 
  main/fingerprinting-protection-overrides Signature failed  TypeError: NetworkError: Network request failed
console.error: services.settings: 
  main/query-stripping Signature failed  TypeError: NetworkError: Network request failed
Exiting due to channel error.
